<?xml version="1.0" encoding="UTF-8"?>
<robot generator="Robot 6.1.1 (Python 3.10.12 on linux)" generated="20231114 18:46:32.878" rpa="false" schemaversion="4">
<suite id="s1" name="Tests" source="/home/grthomas/palautusrepositorio/viikko3/web-login/src/tests">
<suite id="s1-s1" name="Home" source="/home/grthomas/palautusrepositorio/viikko3/web-login/src/tests/home.robot">
<kw name="Open And Configure Browser" library="resource" type="SETUP">
<kw name="Evaluate" library="BuiltIn">
<var>${options}</var>
<arg>sys.modules['selenium.webdriver'].ChromeOptions()</arg>
<arg>sys</arg>
<doc>Evaluates the given expression in Python and returns the result.</doc>
<msg timestamp="20231114 18:46:33.016" level="INFO">${options} = &lt;selenium.webdriver.chrome.options.Options object at 0x7f1f9d5a5c90&gt;</msg>
<status status="PASS" starttime="20231114 18:46:33.015" endtime="20231114 18:46:33.016"/>
</kw>
<kw name="Call Method" library="BuiltIn">
<arg>${options}</arg>
<arg>add_argument</arg>
<arg>--no-sandbox</arg>
<doc>Calls the named method of the given object with the provided arguments.</doc>
<status status="PASS" starttime="20231114 18:46:33.016" endtime="20231114 18:46:33.016"/>
</kw>
<kw name="Call Method" library="BuiltIn">
<arg>${options}</arg>
<arg>add_argument</arg>
<arg>--headless</arg>
<doc>Calls the named method of the given object with the provided arguments.</doc>
<status status="PASS" starttime="20231114 18:46:33.016" endtime="20231114 18:46:33.016"/>
</kw>
<kw name="Open Browser" library="SeleniumLibrary">
<arg>browser=chrome</arg>
<arg>options=${options}</arg>
<doc>Opens a new browser instance to the optional ``url``.</doc>
<msg timestamp="20231114 18:46:33.017" level="INFO">Opening browser 'chrome' to base url 'None'.</msg>
<status status="PASS" starttime="20231114 18:46:33.016" endtime="20231114 18:46:33.782"/>
</kw>
<kw name="Set Selenium Speed" library="SeleniumLibrary">
<arg>${DELAY}</arg>
<doc>Sets the delay that is waited after each Selenium command.</doc>
<status status="PASS" starttime="20231114 18:46:33.783" endtime="20231114 18:46:33.783"/>
</kw>
<status status="PASS" starttime="20231114 18:46:33.015" endtime="20231114 18:46:33.783"/>
</kw>
<test id="s1-s1-t1" name="Click Login Link" line="8">
<kw name="Go To Main Page" library="resource" type="SETUP">
<kw name="Go To" library="SeleniumLibrary">
<arg>${HOME_URL}</arg>
<doc>Navigates the current browser window to the provided ``url``.</doc>
<msg timestamp="20231114 18:46:33.784" level="INFO">Opening url 'http://localhost:5001'</msg>
<status status="PASS" starttime="20231114 18:46:33.784" endtime="20231114 18:46:33.817"/>
</kw>
<status status="PASS" starttime="20231114 18:46:33.784" endtime="20231114 18:46:33.817"/>
</kw>
<kw name="Click Link" library="SeleniumLibrary">
<arg>Login</arg>
<doc>Clicks a link identified by ``locator``.</doc>
<msg timestamp="20231114 18:46:33.818" level="INFO">Clicking link 'Login'.</msg>
<status status="PASS" starttime="20231114 18:46:33.817" endtime="20231114 18:46:33.867"/>
</kw>
<kw name="Login Page Should Be Open" library="resource">
<kw name="Title Should Be" library="SeleniumLibrary">
<arg>Login</arg>
<doc>Verifies that the current page title equals ``title``.</doc>
<msg timestamp="20231114 18:46:33.872" level="INFO">Page title is 'Login'.</msg>
<status status="PASS" starttime="20231114 18:46:33.868" endtime="20231114 18:46:33.872"/>
</kw>
<status status="PASS" starttime="20231114 18:46:33.867" endtime="20231114 18:46:33.872"/>
</kw>
<status status="PASS" starttime="20231114 18:46:33.783" endtime="20231114 18:46:33.872"/>
</test>
<test id="s1-s1-t2" name="Click Register Link" line="12">
<kw name="Go To Main Page" library="resource" type="SETUP">
<kw name="Go To" library="SeleniumLibrary">
<arg>${HOME_URL}</arg>
<doc>Navigates the current browser window to the provided ``url``.</doc>
<msg timestamp="20231114 18:46:33.874" level="INFO">Opening url 'http://localhost:5001'</msg>
<status status="PASS" starttime="20231114 18:46:33.874" endtime="20231114 18:46:33.883"/>
</kw>
<status status="PASS" starttime="20231114 18:46:33.873" endtime="20231114 18:46:33.883"/>
</kw>
<kw name="Click Link" library="SeleniumLibrary">
<arg>Register new user</arg>
<doc>Clicks a link identified by ``locator``.</doc>
<msg timestamp="20231114 18:46:33.883" level="INFO">Clicking link 'Register new user'.</msg>
<status status="PASS" starttime="20231114 18:46:33.883" endtime="20231114 18:46:33.923"/>
</kw>
<kw name="Register Page Should Be Open" library="resource">
<kw name="Title Should Be" library="SeleniumLibrary">
<arg>Register</arg>
<doc>Verifies that the current page title equals ``title``.</doc>
<msg timestamp="20231114 18:46:33.927" level="INFO">Page title is 'Register'.</msg>
<status status="PASS" starttime="20231114 18:46:33.923" endtime="20231114 18:46:33.927"/>
</kw>
<status status="PASS" starttime="20231114 18:46:33.923" endtime="20231114 18:46:33.927"/>
</kw>
<status status="PASS" starttime="20231114 18:46:33.873" endtime="20231114 18:46:33.927"/>
</test>
<kw name="Close Browser" library="SeleniumLibrary" type="TEARDOWN">
<doc>Closes the current browser.</doc>
<status status="PASS" starttime="20231114 18:46:33.928" endtime="20231114 18:46:33.988"/>
</kw>
<status status="PASS" starttime="20231114 18:46:32.893" endtime="20231114 18:46:33.988"/>
</suite>
<suite id="s1-s2" name="Login" source="/home/grthomas/palautusrepositorio/viikko3/web-login/src/tests/login.robot">
<kw name="Open And Configure Browser" library="resource" type="SETUP">
<kw name="Evaluate" library="BuiltIn">
<var>${options}</var>
<arg>sys.modules['selenium.webdriver'].ChromeOptions()</arg>
<arg>sys</arg>
<doc>Evaluates the given expression in Python and returns the result.</doc>
<msg timestamp="20231114 18:46:33.996" level="INFO">${options} = &lt;selenium.webdriver.chrome.options.Options object at 0x7f1f9d5a6800&gt;</msg>
<status status="PASS" starttime="20231114 18:46:33.995" endtime="20231114 18:46:33.996"/>
</kw>
<kw name="Call Method" library="BuiltIn">
<arg>${options}</arg>
<arg>add_argument</arg>
<arg>--no-sandbox</arg>
<doc>Calls the named method of the given object with the provided arguments.</doc>
<status status="PASS" starttime="20231114 18:46:33.996" endtime="20231114 18:46:33.996"/>
</kw>
<kw name="Call Method" library="BuiltIn">
<arg>${options}</arg>
<arg>add_argument</arg>
<arg>--headless</arg>
<doc>Calls the named method of the given object with the provided arguments.</doc>
<status status="PASS" starttime="20231114 18:46:33.997" endtime="20231114 18:46:33.997"/>
</kw>
<kw name="Open Browser" library="SeleniumLibrary">
<arg>browser=chrome</arg>
<arg>options=${options}</arg>
<doc>Opens a new browser instance to the optional ``url``.</doc>
<msg timestamp="20231114 18:46:33.998" level="INFO">Opening browser 'chrome' to base url 'None'.</msg>
<status status="PASS" starttime="20231114 18:46:33.997" endtime="20231114 18:46:34.786"/>
</kw>
<kw name="Set Selenium Speed" library="SeleniumLibrary">
<arg>${DELAY}</arg>
<doc>Sets the delay that is waited after each Selenium command.</doc>
<status status="PASS" starttime="20231114 18:46:34.787" endtime="20231114 18:46:34.787"/>
</kw>
<status status="PASS" starttime="20231114 18:46:33.995" endtime="20231114 18:46:34.787"/>
</kw>
<test id="s1-s2-t1" name="Login With Correct Credentials" line="8">
<kw name="Create User And Go To Login Page" type="SETUP">
<kw name="Create User" library="AppLibrary">
<arg>kalle</arg>
<arg>kalle123</arg>
<status status="PASS" starttime="20231114 18:46:34.788" endtime="20231114 18:46:34.794"/>
</kw>
<kw name="Go To Login Page" library="resource">
<kw name="Go To" library="SeleniumLibrary">
<arg>${LOGIN_URL}</arg>
<doc>Navigates the current browser window to the provided ``url``.</doc>
<msg timestamp="20231114 18:46:34.795" level="INFO">Opening url 'http://localhost:5001/login'</msg>
<status status="PASS" starttime="20231114 18:46:34.795" endtime="20231114 18:46:34.829"/>
</kw>
<status status="PASS" starttime="20231114 18:46:34.795" endtime="20231114 18:46:34.829"/>
</kw>
<kw name="Login Page Should Be Open" library="resource">
<kw name="Title Should Be" library="SeleniumLibrary">
<arg>Login</arg>
<doc>Verifies that the current page title equals ``title``.</doc>
<msg timestamp="20231114 18:46:34.834" level="INFO">Page title is 'Login'.</msg>
<status status="PASS" starttime="20231114 18:46:34.830" endtime="20231114 18:46:34.834"/>
</kw>
<status status="PASS" starttime="20231114 18:46:34.830" endtime="20231114 18:46:34.834"/>
</kw>
<status status="PASS" starttime="20231114 18:46:34.787" endtime="20231114 18:46:34.834"/>
</kw>
<kw name="Set Username">
<arg>kalle</arg>
<kw name="Input Text" library="SeleniumLibrary">
<arg>username</arg>
<arg>${username}</arg>
<doc>Types the given ``text`` into the text field identified by ``locator``.</doc>
<msg timestamp="20231114 18:46:34.835" level="INFO">Typing text 'kalle' into text field 'username'.</msg>
<status status="PASS" starttime="20231114 18:46:34.835" endtime="20231114 18:46:34.901"/>
</kw>
<status status="PASS" starttime="20231114 18:46:34.834" endtime="20231114 18:46:34.901"/>
</kw>
<kw name="Set Password">
<arg>kalle123</arg>
<kw name="Input Password" library="SeleniumLibrary">
<arg>password</arg>
<arg>${password}</arg>
<doc>Types the given password into the text field identified by ``locator``.</doc>
<msg timestamp="20231114 18:46:34.902" level="INFO">Typing password into text field 'password'.</msg>
<msg timestamp="20231114 18:46:34.926" level="INFO">Temporally setting log level to: NONE</msg>
<msg timestamp="20231114 18:46:34.951" level="INFO">Log level changed from NONE to INFO.</msg>
<status status="PASS" starttime="20231114 18:46:34.901" endtime="20231114 18:46:34.951"/>
</kw>
<status status="PASS" starttime="20231114 18:46:34.901" endtime="20231114 18:46:34.951"/>
</kw>
<kw name="Submit Credentials">
<kw name="Click Button" library="SeleniumLibrary">
<arg>Login</arg>
<doc>Clicks the button identified by ``locator``.</doc>
<msg timestamp="20231114 18:46:34.952" level="INFO">Clicking button 'Login'.</msg>
<status status="PASS" starttime="20231114 18:46:34.951" endtime="20231114 18:46:35.002"/>
</kw>
<status status="PASS" starttime="20231114 18:46:34.951" endtime="20231114 18:46:35.002"/>
</kw>
<kw name="Login Should Succeed">
<kw name="Main Page Should Be Open" library="resource">
<kw name="Title Should Be" library="SeleniumLibrary">
<arg>Ohtu Application main page</arg>
<doc>Verifies that the current page title equals ``title``.</doc>
<msg timestamp="20231114 18:46:35.005" level="INFO">Page title is 'Ohtu Application main page'.</msg>
<status status="PASS" starttime="20231114 18:46:35.003" endtime="20231114 18:46:35.005"/>
</kw>
<status status="PASS" starttime="20231114 18:46:35.002" endtime="20231114 18:46:35.005"/>
</kw>
<status status="PASS" starttime="20231114 18:46:35.002" endtime="20231114 18:46:35.005"/>
</kw>
<status status="PASS" starttime="20231114 18:46:34.787" endtime="20231114 18:46:35.006"/>
</test>
<test id="s1-s2-t2" name="Login With Incorrect Password" line="14">
<kw name="Create User And Go To Login Page" type="SETUP">
<kw name="Create User" library="AppLibrary">
<arg>kalle</arg>
<arg>kalle123</arg>
<status status="PASS" starttime="20231114 18:46:35.007" endtime="20231114 18:46:35.014"/>
</kw>
<kw name="Go To Login Page" library="resource">
<kw name="Go To" library="SeleniumLibrary">
<arg>${LOGIN_URL}</arg>
<doc>Navigates the current browser window to the provided ``url``.</doc>
<msg timestamp="20231114 18:46:35.015" level="INFO">Opening url 'http://localhost:5001/login'</msg>
<status status="PASS" starttime="20231114 18:46:35.015" endtime="20231114 18:46:35.025"/>
</kw>
<status status="PASS" starttime="20231114 18:46:35.014" endtime="20231114 18:46:35.025"/>
</kw>
<kw name="Login Page Should Be Open" library="resource">
<kw name="Title Should Be" library="SeleniumLibrary">
<arg>Login</arg>
<doc>Verifies that the current page title equals ``title``.</doc>
<msg timestamp="20231114 18:46:35.028" level="INFO">Page title is 'Login'.</msg>
<status status="PASS" starttime="20231114 18:46:35.025" endtime="20231114 18:46:35.028"/>
</kw>
<status status="PASS" starttime="20231114 18:46:35.025" endtime="20231114 18:46:35.028"/>
</kw>
<status status="PASS" starttime="20231114 18:46:35.006" endtime="20231114 18:46:35.028"/>
</kw>
<kw name="Set Username">
<arg>kalle</arg>
<kw name="Input Text" library="SeleniumLibrary">
<arg>username</arg>
<arg>${username}</arg>
<doc>Types the given ``text`` into the text field identified by ``locator``.</doc>
<msg timestamp="20231114 18:46:35.029" level="INFO">Typing text 'kalle' into text field 'username'.</msg>
<status status="PASS" starttime="20231114 18:46:35.029" endtime="20231114 18:46:35.072"/>
</kw>
<status status="PASS" starttime="20231114 18:46:35.028" endtime="20231114 18:46:35.073"/>
</kw>
<kw name="Set Password">
<arg>kalle456</arg>
<kw name="Input Password" library="SeleniumLibrary">
<arg>password</arg>
<arg>${password}</arg>
<doc>Types the given password into the text field identified by ``locator``.</doc>
<msg timestamp="20231114 18:46:35.074" level="INFO">Typing password into text field 'password'.</msg>
<msg timestamp="20231114 18:46:35.094" level="INFO">Temporally setting log level to: NONE</msg>
<msg timestamp="20231114 18:46:35.116" level="INFO">Log level changed from NONE to INFO.</msg>
<status status="PASS" starttime="20231114 18:46:35.073" endtime="20231114 18:46:35.116"/>
</kw>
<status status="PASS" starttime="20231114 18:46:35.073" endtime="20231114 18:46:35.116"/>
</kw>
<kw name="Submit Credentials">
<kw name="Click Button" library="SeleniumLibrary">
<arg>Login</arg>
<doc>Clicks the button identified by ``locator``.</doc>
<msg timestamp="20231114 18:46:35.117" level="INFO">Clicking button 'Login'.</msg>
<status status="PASS" starttime="20231114 18:46:35.117" endtime="20231114 18:46:35.156"/>
</kw>
<status status="PASS" starttime="20231114 18:46:35.116" endtime="20231114 18:46:35.156"/>
</kw>
<kw name="Login Should Fail With Message">
<arg>Invalid username or password</arg>
<kw name="Login Page Should Be Open" library="resource">
<kw name="Title Should Be" library="SeleniumLibrary">
<arg>Login</arg>
<doc>Verifies that the current page title equals ``title``.</doc>
<msg timestamp="20231114 18:46:35.160" level="INFO">Page title is 'Login'.</msg>
<status status="PASS" starttime="20231114 18:46:35.157" endtime="20231114 18:46:35.160"/>
</kw>
<status status="PASS" starttime="20231114 18:46:35.157" endtime="20231114 18:46:35.160"/>
</kw>
<kw name="Page Should Contain" library="SeleniumLibrary">
<arg>${message}</arg>
<doc>Verifies that current page contains ``text``.</doc>
<msg timestamp="20231114 18:46:35.170" level="INFO">Current page contains text 'Invalid username or password'.</msg>
<status status="PASS" starttime="20231114 18:46:35.160" endtime="20231114 18:46:35.170"/>
</kw>
<status status="PASS" starttime="20231114 18:46:35.157" endtime="20231114 18:46:35.170"/>
</kw>
<status status="PASS" starttime="20231114 18:46:35.006" endtime="20231114 18:46:35.171"/>
</test>
<test id="s1-s2-t3" name="Login With Nonexistent Username" line="20">
<kw name="Create User And Go To Login Page" type="SETUP">
<kw name="Create User" library="AppLibrary">
<arg>kalle</arg>
<arg>kalle123</arg>
<status status="PASS" starttime="20231114 18:46:35.172" endtime="20231114 18:46:35.179"/>
</kw>
<kw name="Go To Login Page" library="resource">
<kw name="Go To" library="SeleniumLibrary">
<arg>${LOGIN_URL}</arg>
<doc>Navigates the current browser window to the provided ``url``.</doc>
<msg timestamp="20231114 18:46:35.179" level="INFO">Opening url 'http://localhost:5001/login'</msg>
<status status="PASS" starttime="20231114 18:46:35.179" endtime="20231114 18:46:35.191"/>
</kw>
<status status="PASS" starttime="20231114 18:46:35.179" endtime="20231114 18:46:35.191"/>
</kw>
<kw name="Login Page Should Be Open" library="resource">
<kw name="Title Should Be" library="SeleniumLibrary">
<arg>Login</arg>
<doc>Verifies that the current page title equals ``title``.</doc>
<msg timestamp="20231114 18:46:35.194" level="INFO">Page title is 'Login'.</msg>
<status status="PASS" starttime="20231114 18:46:35.191" endtime="20231114 18:46:35.194"/>
</kw>
<status status="PASS" starttime="20231114 18:46:35.191" endtime="20231114 18:46:35.195"/>
</kw>
<status status="PASS" starttime="20231114 18:46:35.171" endtime="20231114 18:46:35.195"/>
</kw>
<kw name="Set Password">
<arg>kalle123</arg>
<kw name="Input Password" library="SeleniumLibrary">
<arg>password</arg>
<arg>${password}</arg>
<doc>Types the given password into the text field identified by ``locator``.</doc>
<msg timestamp="20231114 18:46:35.196" level="INFO">Typing password into text field 'password'.</msg>
<msg timestamp="20231114 18:46:35.216" level="INFO">Temporally setting log level to: NONE</msg>
<msg timestamp="20231114 18:46:35.239" level="INFO">Log level changed from NONE to INFO.</msg>
<status status="PASS" starttime="20231114 18:46:35.195" endtime="20231114 18:46:35.239"/>
</kw>
<status status="PASS" starttime="20231114 18:46:35.195" endtime="20231114 18:46:35.239"/>
</kw>
<kw name="Submit Credentials">
<kw name="Click Button" library="SeleniumLibrary">
<arg>Login</arg>
<doc>Clicks the button identified by ``locator``.</doc>
<msg timestamp="20231114 18:46:35.240" level="INFO">Clicking button 'Login'.</msg>
<status status="PASS" starttime="20231114 18:46:35.240" endtime="20231114 18:46:35.278"/>
</kw>
<status status="PASS" starttime="20231114 18:46:35.240" endtime="20231114 18:46:35.279"/>
</kw>
<kw name="Login Should Fail With Message">
<arg>Username and password are required</arg>
<kw name="Login Page Should Be Open" library="resource">
<kw name="Title Should Be" library="SeleniumLibrary">
<arg>Login</arg>
<doc>Verifies that the current page title equals ``title``.</doc>
<msg timestamp="20231114 18:46:35.282" level="INFO">Page title is 'Login'.</msg>
<status status="PASS" starttime="20231114 18:46:35.279" endtime="20231114 18:46:35.282"/>
</kw>
<status status="PASS" starttime="20231114 18:46:35.279" endtime="20231114 18:46:35.282"/>
</kw>
<kw name="Page Should Contain" library="SeleniumLibrary">
<arg>${message}</arg>
<doc>Verifies that current page contains ``text``.</doc>
<msg timestamp="20231114 18:46:35.292" level="INFO">Current page contains text 'Username and password are required'.</msg>
<status status="PASS" starttime="20231114 18:46:35.282" endtime="20231114 18:46:35.292"/>
</kw>
<status status="PASS" starttime="20231114 18:46:35.279" endtime="20231114 18:46:35.292"/>
</kw>
<status status="PASS" starttime="20231114 18:46:35.171" endtime="20231114 18:46:35.292"/>
</test>
<kw name="Close Browser" library="SeleniumLibrary" type="TEARDOWN">
<doc>Closes the current browser.</doc>
<status status="PASS" starttime="20231114 18:46:35.293" endtime="20231114 18:46:35.354"/>
</kw>
<status status="PASS" starttime="20231114 18:46:33.989" endtime="20231114 18:46:35.354"/>
</suite>
<suite id="s1-s3" name="Register" source="/home/grthomas/palautusrepositorio/viikko3/web-login/src/tests/register.robot">
<kw name="Open And Configure Browser" library="resource" type="SETUP">
<kw name="Evaluate" library="BuiltIn">
<var>${options}</var>
<arg>sys.modules['selenium.webdriver'].ChromeOptions()</arg>
<arg>sys</arg>
<doc>Evaluates the given expression in Python and returns the result.</doc>
<msg timestamp="20231114 18:46:35.362" level="INFO">${options} = &lt;selenium.webdriver.chrome.options.Options object at 0x7f1f9d318310&gt;</msg>
<status status="PASS" starttime="20231114 18:46:35.361" endtime="20231114 18:46:35.362"/>
</kw>
<kw name="Call Method" library="BuiltIn">
<arg>${options}</arg>
<arg>add_argument</arg>
<arg>--no-sandbox</arg>
<doc>Calls the named method of the given object with the provided arguments.</doc>
<status status="PASS" starttime="20231114 18:46:35.362" endtime="20231114 18:46:35.362"/>
</kw>
<kw name="Call Method" library="BuiltIn">
<arg>${options}</arg>
<arg>add_argument</arg>
<arg>--headless</arg>
<doc>Calls the named method of the given object with the provided arguments.</doc>
<status status="PASS" starttime="20231114 18:46:35.362" endtime="20231114 18:46:35.363"/>
</kw>
<kw name="Open Browser" library="SeleniumLibrary">
<arg>browser=chrome</arg>
<arg>options=${options}</arg>
<doc>Opens a new browser instance to the optional ``url``.</doc>
<msg timestamp="20231114 18:46:35.364" level="INFO">Opening browser 'chrome' to base url 'None'.</msg>
<status status="PASS" starttime="20231114 18:46:35.363" endtime="20231114 18:46:36.156"/>
</kw>
<kw name="Set Selenium Speed" library="SeleniumLibrary">
<arg>${DELAY}</arg>
<doc>Sets the delay that is waited after each Selenium command.</doc>
<status status="PASS" starttime="20231114 18:46:36.156" endtime="20231114 18:46:36.156"/>
</kw>
<status status="PASS" starttime="20231114 18:46:35.361" endtime="20231114 18:46:36.156"/>
</kw>
<test id="s1-s3-t1" name="Register With Valid Username And Password" line="8">
<kw name="Create User And Go To Register Page" type="SETUP">
<kw name="Create User" library="AppLibrary">
<arg>jaakko</arg>
<arg>jaakko123</arg>
<status status="PASS" starttime="20231114 18:46:36.157" endtime="20231114 18:46:36.164"/>
</kw>
<kw name="Go To Register Page" library="resource">
<kw name="Go To" library="SeleniumLibrary">
<arg>${REGISTER_URL}</arg>
<doc>Navigates the current browser window to the provided ``url``.</doc>
<msg timestamp="20231114 18:46:36.164" level="INFO">Opening url 'http://localhost:5001/register'</msg>
<status status="PASS" starttime="20231114 18:46:36.164" endtime="20231114 18:46:36.200"/>
</kw>
<status status="PASS" starttime="20231114 18:46:36.164" endtime="20231114 18:46:36.200"/>
</kw>
<kw name="Register Page Should Be Open" library="resource">
<kw name="Title Should Be" library="SeleniumLibrary">
<arg>Register</arg>
<doc>Verifies that the current page title equals ``title``.</doc>
<msg timestamp="20231114 18:46:36.204" level="INFO">Page title is 'Register'.</msg>
<status status="PASS" starttime="20231114 18:46:36.200" endtime="20231114 18:46:36.204"/>
</kw>
<status status="PASS" starttime="20231114 18:46:36.200" endtime="20231114 18:46:36.204"/>
</kw>
<status status="PASS" starttime="20231114 18:46:36.157" endtime="20231114 18:46:36.204"/>
</kw>
<kw name="Set Username">
<arg>kallee</arg>
<kw name="Input Text" library="SeleniumLibrary">
<arg>username</arg>
<arg>${username}</arg>
<doc>Types the given ``text`` into the text field identified by ``locator``.</doc>
<msg timestamp="20231114 18:46:36.205" level="INFO">Typing text 'kallee' into text field 'username'.</msg>
<status status="PASS" starttime="20231114 18:46:36.205" endtime="20231114 18:46:36.272"/>
</kw>
<status status="PASS" starttime="20231114 18:46:36.204" endtime="20231114 18:46:36.272"/>
</kw>
<kw name="Set Password">
<arg>kalle123</arg>
<kw name="Input Password" library="SeleniumLibrary">
<arg>password</arg>
<arg>${password}</arg>
<doc>Types the given password into the text field identified by ``locator``.</doc>
<msg timestamp="20231114 18:46:36.273" level="INFO">Typing password into text field 'password'.</msg>
<msg timestamp="20231114 18:46:36.297" level="INFO">Temporally setting log level to: NONE</msg>
<msg timestamp="20231114 18:46:36.321" level="INFO">Log level changed from NONE to INFO.</msg>
<status status="PASS" starttime="20231114 18:46:36.273" endtime="20231114 18:46:36.321"/>
</kw>
<status status="PASS" starttime="20231114 18:46:36.272" endtime="20231114 18:46:36.321"/>
</kw>
<kw name="Set Password Confirmation">
<arg>kalle123</arg>
<kw name="Input Password" library="SeleniumLibrary">
<arg>password_confirmation</arg>
<arg>${passwordconfirmation}</arg>
<doc>Types the given password into the text field identified by ``locator``.</doc>
<msg timestamp="20231114 18:46:36.322" level="INFO">Typing password into text field 'password_confirmation'.</msg>
<msg timestamp="20231114 18:46:36.345" level="INFO">Temporally setting log level to: NONE</msg>
<msg timestamp="20231114 18:46:36.367" level="INFO">Log level changed from NONE to INFO.</msg>
<status status="PASS" starttime="20231114 18:46:36.322" endtime="20231114 18:46:36.367"/>
</kw>
<status status="PASS" starttime="20231114 18:46:36.321" endtime="20231114 18:46:36.368"/>
</kw>
<kw name="Submit Credentials">
<kw name="Click Button" library="SeleniumLibrary">
<arg>Register</arg>
<doc>Clicks the button identified by ``locator``.</doc>
<msg timestamp="20231114 18:46:36.368" level="INFO">Clicking button 'Register'.</msg>
<status status="PASS" starttime="20231114 18:46:36.368" endtime="20231114 18:46:36.419"/>
</kw>
<status status="PASS" starttime="20231114 18:46:36.368" endtime="20231114 18:46:36.419"/>
</kw>
<kw name="Registration Should Succeed">
<kw name="Welcome Page Should Be Open" library="resource">
<kw name="Title Should Be" library="SeleniumLibrary">
<arg>Welcome to Ohtu Application!</arg>
<doc>Verifies that the current page title equals ``title``.</doc>
<msg timestamp="20231114 18:46:36.422" level="INFO">Page title is 'Welcome to Ohtu Application!'.</msg>
<status status="PASS" starttime="20231114 18:46:36.420" endtime="20231114 18:46:36.423"/>
</kw>
<status status="PASS" starttime="20231114 18:46:36.420" endtime="20231114 18:46:36.423"/>
</kw>
<status status="PASS" starttime="20231114 18:46:36.419" endtime="20231114 18:46:36.423"/>
</kw>
<status status="PASS" starttime="20231114 18:46:36.156" endtime="20231114 18:46:36.423"/>
</test>
<test id="s1-s3-t2" name="Register With Too Short Username And Valid Password" line="15">
<kw name="Create User And Go To Register Page" type="SETUP">
<kw name="Create User" library="AppLibrary">
<arg>jaakko</arg>
<arg>jaakko123</arg>
<status status="PASS" starttime="20231114 18:46:36.424" endtime="20231114 18:46:36.446"/>
</kw>
<kw name="Go To Register Page" library="resource">
<kw name="Go To" library="SeleniumLibrary">
<arg>${REGISTER_URL}</arg>
<doc>Navigates the current browser window to the provided ``url``.</doc>
<msg timestamp="20231114 18:46:36.447" level="INFO">Opening url 'http://localhost:5001/register'</msg>
<status status="PASS" starttime="20231114 18:46:36.446" endtime="20231114 18:46:36.464"/>
</kw>
<status status="PASS" starttime="20231114 18:46:36.446" endtime="20231114 18:46:36.465"/>
</kw>
<kw name="Register Page Should Be Open" library="resource">
<kw name="Title Should Be" library="SeleniumLibrary">
<arg>Register</arg>
<doc>Verifies that the current page title equals ``title``.</doc>
<msg timestamp="20231114 18:46:36.468" level="INFO">Page title is 'Register'.</msg>
<status status="PASS" starttime="20231114 18:46:36.465" endtime="20231114 18:46:36.468"/>
</kw>
<status status="PASS" starttime="20231114 18:46:36.465" endtime="20231114 18:46:36.468"/>
</kw>
<status status="PASS" starttime="20231114 18:46:36.423" endtime="20231114 18:46:36.468"/>
</kw>
<kw name="Set Username">
<arg>k</arg>
<kw name="Input Text" library="SeleniumLibrary">
<arg>username</arg>
<arg>${username}</arg>
<doc>Types the given ``text`` into the text field identified by ``locator``.</doc>
<msg timestamp="20231114 18:46:36.469" level="INFO">Typing text 'k' into text field 'username'.</msg>
<status status="PASS" starttime="20231114 18:46:36.469" endtime="20231114 18:46:36.512"/>
</kw>
<status status="PASS" starttime="20231114 18:46:36.468" endtime="20231114 18:46:36.512"/>
</kw>
<kw name="Set Password">
<arg>kalle123</arg>
<kw name="Input Password" library="SeleniumLibrary">
<arg>password</arg>
<arg>${password}</arg>
<doc>Types the given password into the text field identified by ``locator``.</doc>
<msg timestamp="20231114 18:46:36.513" level="INFO">Typing password into text field 'password'.</msg>
<msg timestamp="20231114 18:46:36.534" level="INFO">Temporally setting log level to: NONE</msg>
<msg timestamp="20231114 18:46:36.557" level="INFO">Log level changed from NONE to INFO.</msg>
<status status="PASS" starttime="20231114 18:46:36.513" endtime="20231114 18:46:36.557"/>
</kw>
<status status="PASS" starttime="20231114 18:46:36.513" endtime="20231114 18:46:36.557"/>
</kw>
<kw name="Set Password Confirmation">
<arg>kalle123</arg>
<kw name="Input Password" library="SeleniumLibrary">
<arg>password_confirmation</arg>
<arg>${passwordconfirmation}</arg>
<doc>Types the given password into the text field identified by ``locator``.</doc>
<msg timestamp="20231114 18:46:36.558" level="INFO">Typing password into text field 'password_confirmation'.</msg>
<msg timestamp="20231114 18:46:36.578" level="INFO">Temporally setting log level to: NONE</msg>
<msg timestamp="20231114 18:46:36.601" level="INFO">Log level changed from NONE to INFO.</msg>
<status status="PASS" starttime="20231114 18:46:36.558" endtime="20231114 18:46:36.601"/>
</kw>
<status status="PASS" starttime="20231114 18:46:36.557" endtime="20231114 18:46:36.601"/>
</kw>
<kw name="Submit Credentials">
<kw name="Click Button" library="SeleniumLibrary">
<arg>Register</arg>
<doc>Clicks the button identified by ``locator``.</doc>
<msg timestamp="20231114 18:46:36.602" level="INFO">Clicking button 'Register'.</msg>
<status status="PASS" starttime="20231114 18:46:36.602" endtime="20231114 18:46:36.640"/>
</kw>
<status status="PASS" starttime="20231114 18:46:36.602" endtime="20231114 18:46:36.640"/>
</kw>
<kw name="Registration Should Fail With Message">
<arg>Invalid username: Username must be at least three characters long</arg>
<kw name="Register Page Should Be Open" library="resource">
<kw name="Title Should Be" library="SeleniumLibrary">
<arg>Register</arg>
<doc>Verifies that the current page title equals ``title``.</doc>
<msg timestamp="20231114 18:46:36.644" level="INFO">Page title is 'Register'.</msg>
<status status="PASS" starttime="20231114 18:46:36.641" endtime="20231114 18:46:36.645"/>
</kw>
<status status="PASS" starttime="20231114 18:46:36.641" endtime="20231114 18:46:36.645"/>
</kw>
<kw name="Page Should Contain" library="SeleniumLibrary">
<arg>${message}</arg>
<doc>Verifies that current page contains ``text``.</doc>
<msg timestamp="20231114 18:46:36.655" level="INFO">Current page contains text 'Invalid username: Username must be at least three characters long'.</msg>
<status status="PASS" starttime="20231114 18:46:36.645" endtime="20231114 18:46:36.656"/>
</kw>
<status status="PASS" starttime="20231114 18:46:36.641" endtime="20231114 18:46:36.656"/>
</kw>
<status status="PASS" starttime="20231114 18:46:36.423" endtime="20231114 18:46:36.656"/>
</test>
<test id="s1-s3-t3" name="Register With Valid Username And Invalid Password" line="22">
<kw name="Create User And Go To Register Page" type="SETUP">
<kw name="Create User" library="AppLibrary">
<arg>jaakko</arg>
<arg>jaakko123</arg>
<status status="PASS" starttime="20231114 18:46:36.657" endtime="20231114 18:46:36.664"/>
</kw>
<kw name="Go To Register Page" library="resource">
<kw name="Go To" library="SeleniumLibrary">
<arg>${REGISTER_URL}</arg>
<doc>Navigates the current browser window to the provided ``url``.</doc>
<msg timestamp="20231114 18:46:36.664" level="INFO">Opening url 'http://localhost:5001/register'</msg>
<status status="PASS" starttime="20231114 18:46:36.664" endtime="20231114 18:46:36.674"/>
</kw>
<status status="PASS" starttime="20231114 18:46:36.664" endtime="20231114 18:46:36.674"/>
</kw>
<kw name="Register Page Should Be Open" library="resource">
<kw name="Title Should Be" library="SeleniumLibrary">
<arg>Register</arg>
<doc>Verifies that the current page title equals ``title``.</doc>
<msg timestamp="20231114 18:46:36.678" level="INFO">Page title is 'Register'.</msg>
<status status="PASS" starttime="20231114 18:46:36.675" endtime="20231114 18:46:36.678"/>
</kw>
<status status="PASS" starttime="20231114 18:46:36.674" endtime="20231114 18:46:36.678"/>
</kw>
<status status="PASS" starttime="20231114 18:46:36.657" endtime="20231114 18:46:36.678"/>
</kw>
<kw name="Set Username">
<arg>kalleeee</arg>
<kw name="Input Text" library="SeleniumLibrary">
<arg>username</arg>
<arg>${username}</arg>
<doc>Types the given ``text`` into the text field identified by ``locator``.</doc>
<msg timestamp="20231114 18:46:36.679" level="INFO">Typing text 'kalleeee' into text field 'username'.</msg>
<status status="PASS" starttime="20231114 18:46:36.679" endtime="20231114 18:46:36.722"/>
</kw>
<status status="PASS" starttime="20231114 18:46:36.679" endtime="20231114 18:46:36.722"/>
</kw>
<kw name="Set Password">
<arg>kalleeee</arg>
<kw name="Input Password" library="SeleniumLibrary">
<arg>password</arg>
<arg>${password}</arg>
<doc>Types the given password into the text field identified by ``locator``.</doc>
<msg timestamp="20231114 18:46:36.723" level="INFO">Typing password into text field 'password'.</msg>
<msg timestamp="20231114 18:46:36.744" level="INFO">Temporally setting log level to: NONE</msg>
<msg timestamp="20231114 18:46:36.767" level="INFO">Log level changed from NONE to INFO.</msg>
<status status="PASS" starttime="20231114 18:46:36.723" endtime="20231114 18:46:36.767"/>
</kw>
<status status="PASS" starttime="20231114 18:46:36.723" endtime="20231114 18:46:36.767"/>
</kw>
<kw name="Set Password Confirmation">
<arg>kalleeee</arg>
<kw name="Input Password" library="SeleniumLibrary">
<arg>password_confirmation</arg>
<arg>${passwordconfirmation}</arg>
<doc>Types the given password into the text field identified by ``locator``.</doc>
<msg timestamp="20231114 18:46:36.768" level="INFO">Typing password into text field 'password_confirmation'.</msg>
<msg timestamp="20231114 18:46:36.789" level="INFO">Temporally setting log level to: NONE</msg>
<msg timestamp="20231114 18:46:36.812" level="INFO">Log level changed from NONE to INFO.</msg>
<status status="PASS" starttime="20231114 18:46:36.768" endtime="20231114 18:46:36.812"/>
</kw>
<status status="PASS" starttime="20231114 18:46:36.768" endtime="20231114 18:46:36.813"/>
</kw>
<kw name="Submit Credentials">
<kw name="Click Button" library="SeleniumLibrary">
<arg>Register</arg>
<doc>Clicks the button identified by ``locator``.</doc>
<msg timestamp="20231114 18:46:36.813" level="INFO">Clicking button 'Register'.</msg>
<status status="PASS" starttime="20231114 18:46:36.813" endtime="20231114 18:46:36.851"/>
</kw>
<status status="PASS" starttime="20231114 18:46:36.813" endtime="20231114 18:46:36.851"/>
</kw>
<kw name="Registration Should Fail With Message">
<arg>Invalid password: Password cannot consist only of letters</arg>
<kw name="Register Page Should Be Open" library="resource">
<kw name="Title Should Be" library="SeleniumLibrary">
<arg>Register</arg>
<doc>Verifies that the current page title equals ``title``.</doc>
<msg timestamp="20231114 18:46:36.854" level="INFO">Page title is 'Register'.</msg>
<status status="PASS" starttime="20231114 18:46:36.851" endtime="20231114 18:46:36.854"/>
</kw>
<status status="PASS" starttime="20231114 18:46:36.851" endtime="20231114 18:46:36.854"/>
</kw>
<kw name="Page Should Contain" library="SeleniumLibrary">
<arg>${message}</arg>
<doc>Verifies that current page contains ``text``.</doc>
<msg timestamp="20231114 18:46:36.864" level="INFO">Current page contains text 'Invalid password: Password cannot consist only of letters'.</msg>
<status status="PASS" starttime="20231114 18:46:36.854" endtime="20231114 18:46:36.865"/>
</kw>
<status status="PASS" starttime="20231114 18:46:36.851" endtime="20231114 18:46:36.865"/>
</kw>
<status status="PASS" starttime="20231114 18:46:36.656" endtime="20231114 18:46:36.865"/>
</test>
<test id="s1-s3-t4" name="Register With Nonmatching Password And Password Confirmation" line="30">
<kw name="Create User And Go To Register Page" type="SETUP">
<kw name="Create User" library="AppLibrary">
<arg>jaakko</arg>
<arg>jaakko123</arg>
<status status="PASS" starttime="20231114 18:46:36.866" endtime="20231114 18:46:36.873"/>
</kw>
<kw name="Go To Register Page" library="resource">
<kw name="Go To" library="SeleniumLibrary">
<arg>${REGISTER_URL}</arg>
<doc>Navigates the current browser window to the provided ``url``.</doc>
<msg timestamp="20231114 18:46:36.874" level="INFO">Opening url 'http://localhost:5001/register'</msg>
<status status="PASS" starttime="20231114 18:46:36.874" endtime="20231114 18:46:36.884"/>
</kw>
<status status="PASS" starttime="20231114 18:46:36.873" endtime="20231114 18:46:36.884"/>
</kw>
<kw name="Register Page Should Be Open" library="resource">
<kw name="Title Should Be" library="SeleniumLibrary">
<arg>Register</arg>
<doc>Verifies that the current page title equals ``title``.</doc>
<msg timestamp="20231114 18:46:36.887" level="INFO">Page title is 'Register'.</msg>
<status status="PASS" starttime="20231114 18:46:36.885" endtime="20231114 18:46:36.887"/>
</kw>
<status status="PASS" starttime="20231114 18:46:36.885" endtime="20231114 18:46:36.887"/>
</kw>
<status status="PASS" starttime="20231114 18:46:36.866" endtime="20231114 18:46:36.888"/>
</kw>
<kw name="Set Username">
<arg>kalleee</arg>
<kw name="Input Text" library="SeleniumLibrary">
<arg>username</arg>
<arg>${username}</arg>
<doc>Types the given ``text`` into the text field identified by ``locator``.</doc>
<msg timestamp="20231114 18:46:36.888" level="INFO">Typing text 'kalleee' into text field 'username'.</msg>
<status status="PASS" starttime="20231114 18:46:36.888" endtime="20231114 18:46:36.931"/>
</kw>
<status status="PASS" starttime="20231114 18:46:36.888" endtime="20231114 18:46:36.931"/>
</kw>
<kw name="Set Password">
<arg>kalleee123</arg>
<kw name="Input Password" library="SeleniumLibrary">
<arg>password</arg>
<arg>${password}</arg>
<doc>Types the given password into the text field identified by ``locator``.</doc>
<msg timestamp="20231114 18:46:36.932" level="INFO">Typing password into text field 'password'.</msg>
<msg timestamp="20231114 18:46:36.952" level="INFO">Temporally setting log level to: NONE</msg>
<msg timestamp="20231114 18:46:36.977" level="INFO">Log level changed from NONE to INFO.</msg>
<status status="PASS" starttime="20231114 18:46:36.932" endtime="20231114 18:46:36.977"/>
</kw>
<status status="PASS" starttime="20231114 18:46:36.932" endtime="20231114 18:46:36.977"/>
</kw>
<kw name="Set Password Confirmation">
<arg>kallee123</arg>
<kw name="Input Password" library="SeleniumLibrary">
<arg>password_confirmation</arg>
<arg>${passwordconfirmation}</arg>
<doc>Types the given password into the text field identified by ``locator``.</doc>
<msg timestamp="20231114 18:46:36.978" level="INFO">Typing password into text field 'password_confirmation'.</msg>
<msg timestamp="20231114 18:46:36.998" level="INFO">Temporally setting log level to: NONE</msg>
<msg timestamp="20231114 18:46:37.023" level="INFO">Log level changed from NONE to INFO.</msg>
<status status="PASS" starttime="20231114 18:46:36.978" endtime="20231114 18:46:37.023"/>
</kw>
<status status="PASS" starttime="20231114 18:46:36.977" endtime="20231114 18:46:37.023"/>
</kw>
<kw name="Submit Credentials">
<kw name="Click Button" library="SeleniumLibrary">
<arg>Register</arg>
<doc>Clicks the button identified by ``locator``.</doc>
<msg timestamp="20231114 18:46:37.024" level="INFO">Clicking button 'Register'.</msg>
<status status="PASS" starttime="20231114 18:46:37.023" endtime="20231114 18:46:37.063"/>
</kw>
<status status="PASS" starttime="20231114 18:46:37.023" endtime="20231114 18:46:37.063"/>
</kw>
<kw name="Registration Should Fail With Message">
<arg>Password confirmation does not match password</arg>
<kw name="Register Page Should Be Open" library="resource">
<kw name="Title Should Be" library="SeleniumLibrary">
<arg>Register</arg>
<doc>Verifies that the current page title equals ``title``.</doc>
<msg timestamp="20231114 18:46:37.066" level="INFO">Page title is 'Register'.</msg>
<status status="PASS" starttime="20231114 18:46:37.063" endtime="20231114 18:46:37.066"/>
</kw>
<status status="PASS" starttime="20231114 18:46:37.063" endtime="20231114 18:46:37.066"/>
</kw>
<kw name="Page Should Contain" library="SeleniumLibrary">
<arg>${message}</arg>
<doc>Verifies that current page contains ``text``.</doc>
<msg timestamp="20231114 18:46:37.078" level="INFO">Current page contains text 'Password confirmation does not match password'.</msg>
<status status="PASS" starttime="20231114 18:46:37.066" endtime="20231114 18:46:37.079"/>
</kw>
<status status="PASS" starttime="20231114 18:46:37.063" endtime="20231114 18:46:37.079"/>
</kw>
<status status="PASS" starttime="20231114 18:46:36.865" endtime="20231114 18:46:37.079"/>
</test>
<test id="s1-s3-t5" name="Login After Successful Registration" line="37">
<kw name="Create User And Go To Register Page" type="SETUP">
<kw name="Create User" library="AppLibrary">
<arg>jaakko</arg>
<arg>jaakko123</arg>
<status status="PASS" starttime="20231114 18:46:37.080" endtime="20231114 18:46:37.087"/>
</kw>
<kw name="Go To Register Page" library="resource">
<kw name="Go To" library="SeleniumLibrary">
<arg>${REGISTER_URL}</arg>
<doc>Navigates the current browser window to the provided ``url``.</doc>
<msg timestamp="20231114 18:46:37.088" level="INFO">Opening url 'http://localhost:5001/register'</msg>
<status status="PASS" starttime="20231114 18:46:37.087" endtime="20231114 18:46:37.098"/>
</kw>
<status status="PASS" starttime="20231114 18:46:37.087" endtime="20231114 18:46:37.098"/>
</kw>
<kw name="Register Page Should Be Open" library="resource">
<kw name="Title Should Be" library="SeleniumLibrary">
<arg>Register</arg>
<doc>Verifies that the current page title equals ``title``.</doc>
<msg timestamp="20231114 18:46:37.101" level="INFO">Page title is 'Register'.</msg>
<status status="PASS" starttime="20231114 18:46:37.098" endtime="20231114 18:46:37.101"/>
</kw>
<status status="PASS" starttime="20231114 18:46:37.098" endtime="20231114 18:46:37.101"/>
</kw>
<status status="PASS" starttime="20231114 18:46:37.080" endtime="20231114 18:46:37.101"/>
</kw>
<kw name="Go To Login Page" library="resource">
<kw name="Go To" library="SeleniumLibrary">
<arg>${LOGIN_URL}</arg>
<doc>Navigates the current browser window to the provided ``url``.</doc>
<msg timestamp="20231114 18:46:37.101" level="INFO">Opening url 'http://localhost:5001/login'</msg>
<status status="PASS" starttime="20231114 18:46:37.101" endtime="20231114 18:46:37.111"/>
</kw>
<status status="PASS" starttime="20231114 18:46:37.101" endtime="20231114 18:46:37.111"/>
</kw>
<kw name="Set Username">
<arg>jaakko</arg>
<kw name="Input Text" library="SeleniumLibrary">
<arg>username</arg>
<arg>${username}</arg>
<doc>Types the given ``text`` into the text field identified by ``locator``.</doc>
<msg timestamp="20231114 18:46:37.112" level="INFO">Typing text 'jaakko' into text field 'username'.</msg>
<status status="PASS" starttime="20231114 18:46:37.111" endtime="20231114 18:46:37.155"/>
</kw>
<status status="PASS" starttime="20231114 18:46:37.111" endtime="20231114 18:46:37.155"/>
</kw>
<kw name="Set Password">
<arg>jaakko123</arg>
<kw name="Input Password" library="SeleniumLibrary">
<arg>password</arg>
<arg>${password}</arg>
<doc>Types the given password into the text field identified by ``locator``.</doc>
<msg timestamp="20231114 18:46:37.156" level="INFO">Typing password into text field 'password'.</msg>
<msg timestamp="20231114 18:46:37.176" level="INFO">Temporally setting log level to: NONE</msg>
<msg timestamp="20231114 18:46:37.199" level="INFO">Log level changed from NONE to INFO.</msg>
<status status="PASS" starttime="20231114 18:46:37.156" endtime="20231114 18:46:37.199"/>
</kw>
<status status="PASS" starttime="20231114 18:46:37.155" endtime="20231114 18:46:37.199"/>
</kw>
<kw name="Click Login">
<kw name="Click Button" library="SeleniumLibrary">
<arg>Login</arg>
<doc>Clicks the button identified by ``locator``.</doc>
<msg timestamp="20231114 18:46:37.200" level="INFO">Clicking button 'Login'.</msg>
<status status="PASS" starttime="20231114 18:46:37.200" endtime="20231114 18:46:37.249"/>
</kw>
<status status="PASS" starttime="20231114 18:46:37.200" endtime="20231114 18:46:37.249"/>
</kw>
<kw name="Login Should Succeed">
<kw name="Main Page Should Be Open" library="resource">
<kw name="Title Should Be" library="SeleniumLibrary">
<arg>Ohtu Application main page</arg>
<doc>Verifies that the current page title equals ``title``.</doc>
<msg timestamp="20231114 18:46:37.252" level="INFO">Page title is 'Ohtu Application main page'.</msg>
<status status="PASS" starttime="20231114 18:46:37.250" endtime="20231114 18:46:37.253"/>
</kw>
<status status="PASS" starttime="20231114 18:46:37.250" endtime="20231114 18:46:37.253"/>
</kw>
<status status="PASS" starttime="20231114 18:46:37.249" endtime="20231114 18:46:37.253"/>
</kw>
<status status="PASS" starttime="20231114 18:46:37.079" endtime="20231114 18:46:37.253"/>
</test>
<test id="s1-s3-t6" name="Login After Failed Registration" line="44">
<kw name="Create User And Go To Register Page" type="SETUP">
<kw name="Create User" library="AppLibrary">
<arg>jaakko</arg>
<arg>jaakko123</arg>
<status status="PASS" starttime="20231114 18:46:37.254" endtime="20231114 18:46:37.261"/>
</kw>
<kw name="Go To Register Page" library="resource">
<kw name="Go To" library="SeleniumLibrary">
<arg>${REGISTER_URL}</arg>
<doc>Navigates the current browser window to the provided ``url``.</doc>
<msg timestamp="20231114 18:46:37.262" level="INFO">Opening url 'http://localhost:5001/register'</msg>
<status status="PASS" starttime="20231114 18:46:37.261" endtime="20231114 18:46:37.272"/>
</kw>
<status status="PASS" starttime="20231114 18:46:37.261" endtime="20231114 18:46:37.272"/>
</kw>
<kw name="Register Page Should Be Open" library="resource">
<kw name="Title Should Be" library="SeleniumLibrary">
<arg>Register</arg>
<doc>Verifies that the current page title equals ``title``.</doc>
<msg timestamp="20231114 18:46:37.275" level="INFO">Page title is 'Register'.</msg>
<status status="PASS" starttime="20231114 18:46:37.272" endtime="20231114 18:46:37.275"/>
</kw>
<status status="PASS" starttime="20231114 18:46:37.272" endtime="20231114 18:46:37.275"/>
</kw>
<status status="PASS" starttime="20231114 18:46:37.253" endtime="20231114 18:46:37.275"/>
</kw>
<kw name="Set Username">
<arg>k</arg>
<kw name="Input Text" library="SeleniumLibrary">
<arg>username</arg>
<arg>${username}</arg>
<doc>Types the given ``text`` into the text field identified by ``locator``.</doc>
<msg timestamp="20231114 18:46:37.276" level="INFO">Typing text 'k' into text field 'username'.</msg>
<status status="PASS" starttime="20231114 18:46:37.276" endtime="20231114 18:46:37.318"/>
</kw>
<status status="PASS" starttime="20231114 18:46:37.275" endtime="20231114 18:46:37.318"/>
</kw>
<kw name="Set Password">
<arg>kalle123</arg>
<kw name="Input Password" library="SeleniumLibrary">
<arg>password</arg>
<arg>${password}</arg>
<doc>Types the given password into the text field identified by ``locator``.</doc>
<msg timestamp="20231114 18:46:37.319" level="INFO">Typing password into text field 'password'.</msg>
<msg timestamp="20231114 18:46:37.339" level="INFO">Temporally setting log level to: NONE</msg>
<msg timestamp="20231114 18:46:37.363" level="INFO">Log level changed from NONE to INFO.</msg>
<status status="PASS" starttime="20231114 18:46:37.319" endtime="20231114 18:46:37.363"/>
</kw>
<status status="PASS" starttime="20231114 18:46:37.318" endtime="20231114 18:46:37.363"/>
</kw>
<kw name="Set Password Confirmation">
<arg>kalle123</arg>
<kw name="Input Password" library="SeleniumLibrary">
<arg>password_confirmation</arg>
<arg>${passwordconfirmation}</arg>
<doc>Types the given password into the text field identified by ``locator``.</doc>
<msg timestamp="20231114 18:46:37.364" level="INFO">Typing password into text field 'password_confirmation'.</msg>
<msg timestamp="20231114 18:46:37.385" level="INFO">Temporally setting log level to: NONE</msg>
<msg timestamp="20231114 18:46:37.412" level="INFO">Log level changed from NONE to INFO.</msg>
<status status="PASS" starttime="20231114 18:46:37.364" endtime="20231114 18:46:37.412"/>
</kw>
<status status="PASS" starttime="20231114 18:46:37.364" endtime="20231114 18:46:37.412"/>
</kw>
<kw name="Submit Credentials">
<kw name="Click Button" library="SeleniumLibrary">
<arg>Register</arg>
<doc>Clicks the button identified by ``locator``.</doc>
<msg timestamp="20231114 18:46:37.413" level="INFO">Clicking button 'Register'.</msg>
<status status="PASS" starttime="20231114 18:46:37.413" endtime="20231114 18:46:37.452"/>
</kw>
<status status="PASS" starttime="20231114 18:46:37.412" endtime="20231114 18:46:37.452"/>
</kw>
<kw name="Registration Should Fail With Message">
<arg>Invalid username: Username must be at least three characters long</arg>
<kw name="Register Page Should Be Open" library="resource">
<kw name="Title Should Be" library="SeleniumLibrary">
<arg>Register</arg>
<doc>Verifies that the current page title equals ``title``.</doc>
<msg timestamp="20231114 18:46:37.456" level="INFO">Page title is 'Register'.</msg>
<status status="PASS" starttime="20231114 18:46:37.453" endtime="20231114 18:46:37.456"/>
</kw>
<status status="PASS" starttime="20231114 18:46:37.453" endtime="20231114 18:46:37.456"/>
</kw>
<kw name="Page Should Contain" library="SeleniumLibrary">
<arg>${message}</arg>
<doc>Verifies that current page contains ``text``.</doc>
<msg timestamp="20231114 18:46:37.463" level="INFO">Current page contains text 'Invalid username: Username must be at least three characters long'.</msg>
<status status="PASS" starttime="20231114 18:46:37.456" endtime="20231114 18:46:37.463"/>
</kw>
<status status="PASS" starttime="20231114 18:46:37.452" endtime="20231114 18:46:37.463"/>
</kw>
<kw name="Go To Login Page" library="resource">
<kw name="Go To" library="SeleniumLibrary">
<arg>${LOGIN_URL}</arg>
<doc>Navigates the current browser window to the provided ``url``.</doc>
<msg timestamp="20231114 18:46:37.464" level="INFO">Opening url 'http://localhost:5001/login'</msg>
<status status="PASS" starttime="20231114 18:46:37.464" endtime="20231114 18:46:37.473"/>
</kw>
<status status="PASS" starttime="20231114 18:46:37.464" endtime="20231114 18:46:37.474"/>
</kw>
<kw name="Set Username">
<arg>k</arg>
<kw name="Input Text" library="SeleniumLibrary">
<arg>username</arg>
<arg>${username}</arg>
<doc>Types the given ``text`` into the text field identified by ``locator``.</doc>
<msg timestamp="20231114 18:46:37.475" level="INFO">Typing text 'k' into text field 'username'.</msg>
<status status="PASS" starttime="20231114 18:46:37.474" endtime="20231114 18:46:37.516"/>
</kw>
<status status="PASS" starttime="20231114 18:46:37.474" endtime="20231114 18:46:37.516"/>
</kw>
<kw name="Set Password">
<arg>kalle123</arg>
<kw name="Input Password" library="SeleniumLibrary">
<arg>password</arg>
<arg>${password}</arg>
<doc>Types the given password into the text field identified by ``locator``.</doc>
<msg timestamp="20231114 18:46:37.517" level="INFO">Typing password into text field 'password'.</msg>
<msg timestamp="20231114 18:46:37.537" level="INFO">Temporally setting log level to: NONE</msg>
<msg timestamp="20231114 18:46:37.562" level="INFO">Log level changed from NONE to INFO.</msg>
<status status="PASS" starttime="20231114 18:46:37.516" endtime="20231114 18:46:37.562"/>
</kw>
<status status="PASS" starttime="20231114 18:46:37.516" endtime="20231114 18:46:37.562"/>
</kw>
<kw name="Click Login">
<kw name="Click Button" library="SeleniumLibrary">
<arg>Login</arg>
<doc>Clicks the button identified by ``locator``.</doc>
<msg timestamp="20231114 18:46:37.563" level="INFO">Clicking button 'Login'.</msg>
<status status="PASS" starttime="20231114 18:46:37.562" endtime="20231114 18:46:37.601"/>
</kw>
<status status="PASS" starttime="20231114 18:46:37.562" endtime="20231114 18:46:37.601"/>
</kw>
<kw name="Login Should Fail With Message">
<arg>Invalid username or password</arg>
<kw name="Login Page Should Be Open" library="resource">
<kw name="Title Should Be" library="SeleniumLibrary">
<arg>Login</arg>
<doc>Verifies that the current page title equals ``title``.</doc>
<msg timestamp="20231114 18:46:37.605" level="INFO">Page title is 'Login'.</msg>
<status status="PASS" starttime="20231114 18:46:37.602" endtime="20231114 18:46:37.605"/>
</kw>
<status status="PASS" starttime="20231114 18:46:37.602" endtime="20231114 18:46:37.605"/>
</kw>
<kw name="Page Should Contain" library="SeleniumLibrary">
<arg>${message}</arg>
<doc>Verifies that current page contains ``text``.</doc>
<msg timestamp="20231114 18:46:37.616" level="INFO">Current page contains text 'Invalid username or password'.</msg>
<status status="PASS" starttime="20231114 18:46:37.605" endtime="20231114 18:46:37.616"/>
</kw>
<status status="PASS" starttime="20231114 18:46:37.601" endtime="20231114 18:46:37.616"/>
</kw>
<status status="PASS" starttime="20231114 18:46:37.253" endtime="20231114 18:46:37.616"/>
</test>
<kw name="Close Browser" library="SeleniumLibrary" type="TEARDOWN">
<doc>Closes the current browser.</doc>
<status status="PASS" starttime="20231114 18:46:37.617" endtime="20231114 18:46:37.677"/>
</kw>
<status status="PASS" starttime="20231114 18:46:35.355" endtime="20231114 18:46:37.677"/>
</suite>
<status status="PASS" starttime="20231114 18:46:32.879" endtime="20231114 18:46:37.679"/>
</suite>
<statistics>
<total>
<stat pass="11" fail="0" skip="0">All Tests</stat>
</total>
<tag>
</tag>
<suite>
<stat pass="11" fail="0" skip="0" id="s1" name="Tests">Tests</stat>
<stat pass="2" fail="0" skip="0" id="s1-s1" name="Home">Tests.Home</stat>
<stat pass="3" fail="0" skip="0" id="s1-s2" name="Login">Tests.Login</stat>
<stat pass="6" fail="0" skip="0" id="s1-s3" name="Register">Tests.Register</stat>
</suite>
</statistics>
<errors>
</errors>
</robot>
