<?xml version="1.0" encoding="UTF-8"?>
<robot generator="Robot 6.1.1 (Python 3.10.12 on linux)" generated="20231113 19:11:21.599" rpa="false" schemaversion="4">
<suite id="s1" name="Tests" source="/home/grthomas/palautusrepositorio/viikko3/login-robot/src/tests">
<suite id="s1-s1" name="Login" source="/home/grthomas/palautusrepositorio/viikko3/login-robot/src/tests/login.robot">
<test id="s1-s1-t1" name="Login With Correct Credentials" line="6">
<kw name="Create User And Input Login Command" type="SETUP">
<kw name="Create User" library="AppLibrary">
<arg>kalle</arg>
<arg>kalle123</arg>
<status status="PASS" starttime="20231113 19:11:21.613" endtime="20231113 19:11:21.613"/>
</kw>
<kw name="Input Login Command" library="resource">
<kw name="Input" library="AppLibrary">
<arg>login</arg>
<status status="PASS" starttime="20231113 19:11:21.614" endtime="20231113 19:11:21.614"/>
</kw>
<status status="PASS" starttime="20231113 19:11:21.614" endtime="20231113 19:11:21.614"/>
</kw>
<status status="PASS" starttime="20231113 19:11:21.613" endtime="20231113 19:11:21.614"/>
</kw>
<kw name="Input Credentials" library="resource">
<arg>kalle</arg>
<arg>kalle123</arg>
<kw name="Input" library="AppLibrary">
<arg>${username}</arg>
<status status="PASS" starttime="20231113 19:11:21.614" endtime="20231113 19:11:21.614"/>
</kw>
<kw name="Input" library="AppLibrary">
<arg>${password}</arg>
<status status="PASS" starttime="20231113 19:11:21.614" endtime="20231113 19:11:21.614"/>
</kw>
<kw name="Run Application" library="AppLibrary">
<status status="PASS" starttime="20231113 19:11:21.614" endtime="20231113 19:11:21.614"/>
</kw>
<status status="PASS" starttime="20231113 19:11:21.614" endtime="20231113 19:11:21.614"/>
</kw>
<kw name="Output Should Contain" library="AppLibrary">
<arg>Logged in</arg>
<status status="PASS" starttime="20231113 19:11:21.615" endtime="20231113 19:11:21.615"/>
</kw>
<status status="PASS" starttime="20231113 19:11:21.613" endtime="20231113 19:11:21.615"/>
</test>
<test id="s1-s1-t2" name="Login With Incorrect Password" line="10">
<kw name="Create User And Input Login Command" type="SETUP">
<kw name="Create User" library="AppLibrary">
<arg>kalle</arg>
<arg>kalle123</arg>
<status status="PASS" starttime="20231113 19:11:21.615" endtime="20231113 19:11:21.615"/>
</kw>
<kw name="Input Login Command" library="resource">
<kw name="Input" library="AppLibrary">
<arg>login</arg>
<status status="PASS" starttime="20231113 19:11:21.615" endtime="20231113 19:11:21.615"/>
</kw>
<status status="PASS" starttime="20231113 19:11:21.615" endtime="20231113 19:11:21.615"/>
</kw>
<status status="PASS" starttime="20231113 19:11:21.615" endtime="20231113 19:11:21.615"/>
</kw>
<kw name="Input Credentials" library="resource">
<arg>kalle</arg>
<arg>kalle1234</arg>
<kw name="Input" library="AppLibrary">
<arg>${username}</arg>
<status status="PASS" starttime="20231113 19:11:21.616" endtime="20231113 19:11:21.616"/>
</kw>
<kw name="Input" library="AppLibrary">
<arg>${password}</arg>
<status status="PASS" starttime="20231113 19:11:21.616" endtime="20231113 19:11:21.616"/>
</kw>
<kw name="Run Application" library="AppLibrary">
<status status="PASS" starttime="20231113 19:11:21.616" endtime="20231113 19:11:21.616"/>
</kw>
<status status="PASS" starttime="20231113 19:11:21.616" endtime="20231113 19:11:21.616"/>
</kw>
<kw name="Output Should Contain" library="AppLibrary">
<arg>Invalid username or password</arg>
<status status="PASS" starttime="20231113 19:11:21.616" endtime="20231113 19:11:21.616"/>
</kw>
<status status="PASS" starttime="20231113 19:11:21.615" endtime="20231113 19:11:21.616"/>
</test>
<test id="s1-s1-t3" name="Login With Nonexistent Username" line="14">
<kw name="Create User And Input Login Command" type="SETUP">
<kw name="Create User" library="AppLibrary">
<arg>kalle</arg>
<arg>kalle123</arg>
<status status="PASS" starttime="20231113 19:11:21.617" endtime="20231113 19:11:21.617"/>
</kw>
<kw name="Input Login Command" library="resource">
<kw name="Input" library="AppLibrary">
<arg>login</arg>
<status status="PASS" starttime="20231113 19:11:21.617" endtime="20231113 19:11:21.617"/>
</kw>
<status status="PASS" starttime="20231113 19:11:21.617" endtime="20231113 19:11:21.617"/>
</kw>
<status status="PASS" starttime="20231113 19:11:21.616" endtime="20231113 19:11:21.617"/>
</kw>
<kw name="Input Credentials" library="resource">
<arg>abcd</arg>
<arg>kalle123</arg>
<kw name="Input" library="AppLibrary">
<arg>${username}</arg>
<status status="PASS" starttime="20231113 19:11:21.617" endtime="20231113 19:11:21.617"/>
</kw>
<kw name="Input" library="AppLibrary">
<arg>${password}</arg>
<status status="PASS" starttime="20231113 19:11:21.617" endtime="20231113 19:11:21.617"/>
</kw>
<kw name="Run Application" library="AppLibrary">
<status status="PASS" starttime="20231113 19:11:21.617" endtime="20231113 19:11:21.617"/>
</kw>
<status status="PASS" starttime="20231113 19:11:21.617" endtime="20231113 19:11:21.617"/>
</kw>
<kw name="Output Should Contain" library="AppLibrary">
<arg>Invalid username or password</arg>
<status status="PASS" starttime="20231113 19:11:21.617" endtime="20231113 19:11:21.618"/>
</kw>
<status status="PASS" starttime="20231113 19:11:21.616" endtime="20231113 19:11:21.618"/>
</test>
<status status="PASS" starttime="20231113 19:11:21.610" endtime="20231113 19:11:21.618"/>
</suite>
<suite id="s1-s2" name="Register" source="/home/grthomas/palautusrepositorio/viikko3/login-robot/src/tests/register.robot">
<test id="s1-s2-t1" name="Register With Valid Username And Password" line="6">
<kw name="Create User And Input New Command" type="SETUP">
<kw name="Create User" library="AppLibrary">
<arg>kalle</arg>
<arg>kalle123</arg>
<status status="PASS" starttime="20231113 19:11:21.620" endtime="20231113 19:11:21.620"/>
</kw>
<kw name="Input New Command" library="resource">
<kw name="Input" library="AppLibrary">
<arg>new</arg>
<status status="PASS" starttime="20231113 19:11:21.620" endtime="20231113 19:11:21.620"/>
</kw>
<status status="PASS" starttime="20231113 19:11:21.620" endtime="20231113 19:11:21.620"/>
</kw>
<status status="PASS" starttime="20231113 19:11:21.619" endtime="20231113 19:11:21.620"/>
</kw>
<kw name="Input Credentials" library="resource">
<arg>aaaa</arg>
<arg>aaaaa123</arg>
<kw name="Input" library="AppLibrary">
<arg>${username}</arg>
<status status="PASS" starttime="20231113 19:11:21.620" endtime="20231113 19:11:21.620"/>
</kw>
<kw name="Input" library="AppLibrary">
<arg>${password}</arg>
<status status="PASS" starttime="20231113 19:11:21.620" endtime="20231113 19:11:21.620"/>
</kw>
<kw name="Run Application" library="AppLibrary">
<status status="PASS" starttime="20231113 19:11:21.620" endtime="20231113 19:11:21.620"/>
</kw>
<status status="PASS" starttime="20231113 19:11:21.620" endtime="20231113 19:11:21.620"/>
</kw>
<kw name="Output Should Contain" library="AppLibrary">
<arg>New user registered</arg>
<status status="PASS" starttime="20231113 19:11:21.621" endtime="20231113 19:11:21.621"/>
</kw>
<status status="PASS" starttime="20231113 19:11:21.619" endtime="20231113 19:11:21.621"/>
</test>
<test id="s1-s2-t2" name="Register With Already Taken Username And Valid Password" line="10">
<kw name="Create User And Input New Command" type="SETUP">
<kw name="Create User" library="AppLibrary">
<arg>kalle</arg>
<arg>kalle123</arg>
<status status="PASS" starttime="20231113 19:11:21.621" endtime="20231113 19:11:21.621"/>
</kw>
<kw name="Input New Command" library="resource">
<kw name="Input" library="AppLibrary">
<arg>new</arg>
<status status="PASS" starttime="20231113 19:11:21.621" endtime="20231113 19:11:21.622"/>
</kw>
<status status="PASS" starttime="20231113 19:11:21.621" endtime="20231113 19:11:21.622"/>
</kw>
<status status="PASS" starttime="20231113 19:11:21.621" endtime="20231113 19:11:21.622"/>
</kw>
<kw name="Input Credentials" library="resource">
<arg>kalle</arg>
<arg>kalle123</arg>
<kw name="Input" library="AppLibrary">
<arg>${username}</arg>
<status status="PASS" starttime="20231113 19:11:21.622" endtime="20231113 19:11:21.622"/>
</kw>
<kw name="Input" library="AppLibrary">
<arg>${password}</arg>
<status status="PASS" starttime="20231113 19:11:21.622" endtime="20231113 19:11:21.622"/>
</kw>
<kw name="Run Application" library="AppLibrary">
<status status="PASS" starttime="20231113 19:11:21.622" endtime="20231113 19:11:21.622"/>
</kw>
<status status="PASS" starttime="20231113 19:11:21.622" endtime="20231113 19:11:21.622"/>
</kw>
<kw name="Output Should Contain" library="AppLibrary">
<arg>Username already in use</arg>
<status status="PASS" starttime="20231113 19:11:21.622" endtime="20231113 19:11:21.622"/>
</kw>
<status status="PASS" starttime="20231113 19:11:21.621" endtime="20231113 19:11:21.622"/>
</test>
<test id="s1-s2-t3" name="Register With Too Short Username And Valid Password" line="14">
<kw name="Create User And Input New Command" type="SETUP">
<kw name="Create User" library="AppLibrary">
<arg>kalle</arg>
<arg>kalle123</arg>
<status status="PASS" starttime="20231113 19:11:21.623" endtime="20231113 19:11:21.623"/>
</kw>
<kw name="Input New Command" library="resource">
<kw name="Input" library="AppLibrary">
<arg>new</arg>
<status status="PASS" starttime="20231113 19:11:21.623" endtime="20231113 19:11:21.623"/>
</kw>
<status status="PASS" starttime="20231113 19:11:21.623" endtime="20231113 19:11:21.623"/>
</kw>
<status status="PASS" starttime="20231113 19:11:21.623" endtime="20231113 19:11:21.623"/>
</kw>
<kw name="Input Credentials" library="resource">
<arg>k</arg>
<arg>kalle123</arg>
<kw name="Input" library="AppLibrary">
<arg>${username}</arg>
<status status="PASS" starttime="20231113 19:11:21.623" endtime="20231113 19:11:21.624"/>
</kw>
<kw name="Input" library="AppLibrary">
<arg>${password}</arg>
<status status="PASS" starttime="20231113 19:11:21.624" endtime="20231113 19:11:21.624"/>
</kw>
<kw name="Run Application" library="AppLibrary">
<status status="PASS" starttime="20231113 19:11:21.624" endtime="20231113 19:11:21.624"/>
</kw>
<status status="PASS" starttime="20231113 19:11:21.623" endtime="20231113 19:11:21.624"/>
</kw>
<kw name="Output Should Contain" library="AppLibrary">
<arg>Invalid username: Username must be at least three characters long</arg>
<status status="PASS" starttime="20231113 19:11:21.624" endtime="20231113 19:11:21.624"/>
</kw>
<status status="PASS" starttime="20231113 19:11:21.623" endtime="20231113 19:11:21.624"/>
</test>
<test id="s1-s2-t4" name="Register With Long Enough But Invalid Username And Valid Password" line="18">
<kw name="Create User And Input New Command" type="SETUP">
<kw name="Create User" library="AppLibrary">
<arg>kalle</arg>
<arg>kalle123</arg>
<status status="PASS" starttime="20231113 19:11:21.624" endtime="20231113 19:11:21.625"/>
</kw>
<kw name="Input New Command" library="resource">
<kw name="Input" library="AppLibrary">
<arg>new</arg>
<status status="PASS" starttime="20231113 19:11:21.625" endtime="20231113 19:11:21.625"/>
</kw>
<status status="PASS" starttime="20231113 19:11:21.625" endtime="20231113 19:11:21.625"/>
</kw>
<status status="PASS" starttime="20231113 19:11:21.624" endtime="20231113 19:11:21.625"/>
</kw>
<kw name="Input Credentials" library="resource">
<arg>kalle123</arg>
<arg>kalle123</arg>
<kw name="Input" library="AppLibrary">
<arg>${username}</arg>
<status status="PASS" starttime="20231113 19:11:21.625" endtime="20231113 19:11:21.625"/>
</kw>
<kw name="Input" library="AppLibrary">
<arg>${password}</arg>
<status status="PASS" starttime="20231113 19:11:21.625" endtime="20231113 19:11:21.625"/>
</kw>
<kw name="Run Application" library="AppLibrary">
<status status="PASS" starttime="20231113 19:11:21.625" endtime="20231113 19:11:21.625"/>
</kw>
<status status="PASS" starttime="20231113 19:11:21.625" endtime="20231113 19:11:21.625"/>
</kw>
<kw name="Output Should Contain" library="AppLibrary">
<arg>Invalid username: Username must contain only characters a-z</arg>
<status status="PASS" starttime="20231113 19:11:21.625" endtime="20231113 19:11:21.625"/>
</kw>
<status status="PASS" starttime="20231113 19:11:21.624" endtime="20231113 19:11:21.625"/>
</test>
<test id="s1-s2-t5" name="Register With Valid Username And Too Short Password" line="22">
<kw name="Create User And Input New Command" type="SETUP">
<kw name="Create User" library="AppLibrary">
<arg>kalle</arg>
<arg>kalle123</arg>
<status status="PASS" starttime="20231113 19:11:21.626" endtime="20231113 19:11:21.626"/>
</kw>
<kw name="Input New Command" library="resource">
<kw name="Input" library="AppLibrary">
<arg>new</arg>
<status status="PASS" starttime="20231113 19:11:21.626" endtime="20231113 19:11:21.626"/>
</kw>
<status status="PASS" starttime="20231113 19:11:21.626" endtime="20231113 19:11:21.626"/>
</kw>
<status status="PASS" starttime="20231113 19:11:21.626" endtime="20231113 19:11:21.626"/>
</kw>
<kw name="Input Credentials" library="resource">
<arg>kallee</arg>
<arg>kalle1</arg>
<kw name="Input" library="AppLibrary">
<arg>${username}</arg>
<status status="PASS" starttime="20231113 19:11:21.626" endtime="20231113 19:11:21.626"/>
</kw>
<kw name="Input" library="AppLibrary">
<arg>${password}</arg>
<status status="PASS" starttime="20231113 19:11:21.626" endtime="20231113 19:11:21.627"/>
</kw>
<kw name="Run Application" library="AppLibrary">
<status status="PASS" starttime="20231113 19:11:21.627" endtime="20231113 19:11:21.627"/>
</kw>
<status status="PASS" starttime="20231113 19:11:21.626" endtime="20231113 19:11:21.627"/>
</kw>
<kw name="Output Should Contain" library="AppLibrary">
<arg>Invalid password: Password must be at least 8 characters long</arg>
<status status="PASS" starttime="20231113 19:11:21.627" endtime="20231113 19:11:21.627"/>
</kw>
<status status="PASS" starttime="20231113 19:11:21.626" endtime="20231113 19:11:21.627"/>
</test>
<test id="s1-s2-t6" name="Register With Valid Username And Long Enough Password Containing Only Letters" line="26">
<kw name="Create User And Input New Command" type="SETUP">
<kw name="Create User" library="AppLibrary">
<arg>kalle</arg>
<arg>kalle123</arg>
<status status="PASS" starttime="20231113 19:11:21.627" endtime="20231113 19:11:21.627"/>
</kw>
<kw name="Input New Command" library="resource">
<kw name="Input" library="AppLibrary">
<arg>new</arg>
<status status="PASS" starttime="20231113 19:11:21.628" endtime="20231113 19:11:21.628"/>
</kw>
<status status="PASS" starttime="20231113 19:11:21.628" endtime="20231113 19:11:21.628"/>
</kw>
<status status="PASS" starttime="20231113 19:11:21.627" endtime="20231113 19:11:21.628"/>
</kw>
<kw name="Input Credentials" library="resource">
<arg>kallee</arg>
<arg>kalleeee</arg>
<kw name="Input" library="AppLibrary">
<arg>${username}</arg>
<status status="PASS" starttime="20231113 19:11:21.628" endtime="20231113 19:11:21.628"/>
</kw>
<kw name="Input" library="AppLibrary">
<arg>${password}</arg>
<status status="PASS" starttime="20231113 19:11:21.628" endtime="20231113 19:11:21.628"/>
</kw>
<kw name="Run Application" library="AppLibrary">
<status status="PASS" starttime="20231113 19:11:21.628" endtime="20231113 19:11:21.628"/>
</kw>
<status status="PASS" starttime="20231113 19:11:21.628" endtime="20231113 19:11:21.628"/>
</kw>
<kw name="Output Should Contain" library="AppLibrary">
<arg>Invalid password: Password cannot consist only of letters</arg>
<status status="PASS" starttime="20231113 19:11:21.628" endtime="20231113 19:11:21.628"/>
</kw>
<status status="PASS" starttime="20231113 19:11:21.627" endtime="20231113 19:11:21.628"/>
</test>
<status status="PASS" starttime="20231113 19:11:21.618" endtime="20231113 19:11:21.629"/>
</suite>
<status status="PASS" starttime="20231113 19:11:21.600" endtime="20231113 19:11:21.629"/>
</suite>
<statistics>
<total>
<stat pass="9" fail="0" skip="0">All Tests</stat>
</total>
<tag>
</tag>
<suite>
<stat pass="9" fail="0" skip="0" id="s1" name="Tests">Tests</stat>
<stat pass="3" fail="0" skip="0" id="s1-s1" name="Login">Tests.Login</stat>
<stat pass="6" fail="0" skip="0" id="s1-s2" name="Register">Tests.Register</stat>
</suite>
</statistics>
<errors>
</errors>
</robot>
